# JRE version: Java(TM) SE Runtime Environment (8.0_65-b17) (build 1.8.0_65-b17)
# Java VM: Java HotSpot(TM) Client VM (25.65-b01 mixed mode windows-x86 )
Heap:
 def new generation   total 12800K, used 7705K [0x0f200000, 0x0ffe0000, 0x14750000)
  eden space 11392K,  55% used [0x0f200000, 0x0f82a220, 0x0fd20000)
  from space 1408K,  98% used [0x0fd20000, 0x0fe7c430, 0x0fe80000)
  to   space 1408K,   0% used [0x0fe80000, 0x0fe80000, 0x0ffe0000)
 tenured generation   total 28340K, used 25922K [0x14750000, 0x162fd000, 0x1f200000)
   the space 28340K,  91% used [0x14750000, 0x160a0b68, 0x160a0c00, 0x162fd000)
 Metaspace       used 28465K, capacity 29586K, committed 29696K, reserved 30080K
GC Heap History (10 events):
Event: 94.163 GC heap before
{Heap before GC invocations=83 (full 4):
 def new generation   total 12800K, used 12800K [0x0f200000, 0x0ffe0000, 0x14750000)
  eden space 11392K, 100% used [0x0f200000, 0x0fd20000, 0x0fd20000)
  from space 1408K, 100% used [0x0fe80000, 0x0ffe0000, 0x0ffe0000)
  to   space 1408K,   0% used [0x0fd20000, 0x0fd20000, 0x0fe80000)
 tenured generation   total 28340K, used 20457K [0x14750000, 0x162fd000, 0x1f200000)
   the space 28340K,  72% used [0x14750000, 0x15b4a480, 0x15b4a600, 0x162fd000)
 Metaspace       used 28406K, capacity 29486K, committed 29696K, reserved 30080K
Event: 94.172 GC heap after
Heap after GC invocations=84 (full 4):
 def new generation   total 12800K, used 1408K [0x0f200000, 0x0ffe0000, 0x14750000)
  eden space 11392K,   0% used [0x0f200000, 0x0f200000, 0x0fd20000)
  from space 1408K, 100% used [0x0fd20000, 0x0fe80000, 0x0fe80000)
  to   space 1408K,   0% used [0x0fe80000, 0x0fe80000, 0x0ffe0000)
 tenured generation   total 28340K, used 21699K [0x14750000, 0x162fd000, 0x1f200000)
   the space 28340K,  76% used [0x14750000, 0x15c80ea8, 0x15c81000, 0x162fd000)
 Metaspace       used 28406K, capacity 29486K, committed 29696K, reserved 30080K
}
Event: 94.350 GC heap before
{Heap before GC invocations=84 (full 4):
 def new generation   total 12800K, used 12800K [0x0f200000, 0x0ffe0000, 0x14750000)
  eden space 11392K, 100% used [0x0f200000, 0x0fd20000, 0x0fd20000)
  from space 1408K, 100% used [0x0fd20000, 0x0fe80000, 0x0fe80000)
  to   space 1408K,   0% used [0x0fe80000, 0x0fe80000, 0x0ffe0000)
 tenured generation   total 28340K, used 21699K [0x14750000, 0x162fd000, 0x1f200000)
   the space 28340K,  76% used [0x14750000, 0x15c80ea8, 0x15c81000, 0x162fd000)
 Metaspace       used 28411K, capacity 29494K, committed 29696K, reserved 30080K
Event: 94.359 GC heap after
Heap after GC invocations=85 (full 4):
 def new generation   total 12800K, used 1408K [0x0f200000, 0x0ffe0000, 0x14750000)
  eden space 11392K,   0% used [0x0f200000, 0x0f200000, 0x0fd20000)
  from space 1408K, 100% used [0x0fe80000, 0x0ffe0000, 0x0ffe0000)
  to   space 1408K,   0% used [0x0fd20000, 0x0fd20000, 0x0fe80000)
 tenured generation   total 28340K, used 23345K [0x14750000, 0x162fd000, 0x1f200000)
   the space 28340K,  82% used [0x14750000, 0x15e1c7b8, 0x15e1c800, 0x162fd000)
 Metaspace       used 28411K, capacity 29494K, committed 29696K, reserved 30080K
}
Event: 94.485 GC heap before
{Heap before GC invocations=85 (full 4):
 def new generation   total 12800K, used 12800K [0x0f200000, 0x0ffe0000, 0x14750000)
  eden space 11392K, 100% used [0x0f200000, 0x0fd20000, 0x0fd20000)
  from space 1408K, 100% used [0x0fe80000, 0x0ffe0000, 0x0ffe0000)
  to   space 1408K,   0% used [0x0fd20000, 0x0fd20000, 0x0fe80000)
 tenured generation   total 28340K, used 23345K [0x14750000, 0x162fd000, 0x1f200000)
   the space 28340K,  82% used [0x14750000, 0x15e1c7b8, 0x15e1c800, 0x162fd000)
 Metaspace       used 28434K, capacity 29573K, committed 29696K, reserved 30080K
Event: 94.494 GC heap after
Heap after GC invocations=86 (full 4):
 def new generation   total 12800K, used 1374K [0x0f200000, 0x0ffe0000, 0x14750000)
  eden space 11392K,   0% used [0x0f200000, 0x0f200000, 0x0fd20000)
  from space 1408K,  97% used [0x0fd20000, 0x0fe77a30, 0x0fe80000)
  to   space 1408K,   0% used [0x0fe80000, 0x0fe80000, 0x0ffe0000)
 tenured generation   total 28340K, used 24570K [0x14750000, 0x162fd000, 0x1f200000)
   the space 28340K,  86% used [0x14750000, 0x15f4e890, 0x15f4ea00, 0x162fd000)
 Metaspace       used 28434K, capacity 29573K, committed 29696K, reserved 30080K
}
Event: 94.586 GC heap before
{Heap before GC invocations=86 (full 4):
 def new generation   total 12800K, used 12766K [0x0f200000, 0x0ffe0000, 0x14750000)
  eden space 11392K, 100% used [0x0f200000, 0x0fd20000, 0x0fd20000)
  from space 1408K,  97% used [0x0fd20000, 0x0fe77a30, 0x0fe80000)
  to   space 1408K,   0% used [0x0fe80000, 0x0fe80000, 0x0ffe0000)
 tenured generation   total 28340K, used 24570K [0x14750000, 0x162fd000, 0x1f200000)
   the space 28340K,  86% used [0x14750000, 0x15f4e890, 0x15f4ea00, 0x162fd000)
 Metaspace       used 28438K, capacity 29583K, committed 29696K, reserved 30080K
Event: 94.595 GC heap after
Heap after GC invocations=87 (full 4):
 def new generation   total 12800K, used 655K [0x0f200000, 0x0ffe0000, 0x14750000)
  eden space 11392K,   0% used [0x0f200000, 0x0f200000, 0x0fd20000)
  from space 1408K,  46% used [0x0fe80000, 0x0ff23f28, 0x0ffe0000)
  to   space 1408K,   0% used [0x0fd20000, 0x0fd20000, 0x0fe80000)
 tenured generation   total 28340K, used 25922K [0x14750000, 0x162fd000, 0x1f200000)
   the space 28340K,  91% used [0x14750000, 0x160a0b68, 0x160a0c00, 0x162fd000)
 Metaspace       used 28438K, capacity 29583K, committed 29696K, reserved 30080K
}
Event: 94.656 GC heap before
{Heap before GC invocations=87 (full 4):
 def new generation   total 12800K, used 12047K [0x0f200000, 0x0ffe0000, 0x14750000)
  eden space 11392K, 100% used [0x0f200000, 0x0fd20000, 0x0fd20000)
  from space 1408K,  46% used [0x0fe80000, 0x0ff23f28, 0x0ffe0000)
  to   space 1408K,   0% used [0x0fd20000, 0x0fd20000, 0x0fe80000)
 tenured generation   total 28340K, used 25922K [0x14750000, 0x162fd000, 0x1f200000)
   the space 28340K,  91% used [0x14750000, 0x160a0b68, 0x160a0c00, 0x162fd000)
 Metaspace       used 28438K, capacity 29583K, committed 29696K, reserved 30080K
Event: 94.662 GC heap after
Heap after GC invocations=88 (full 4):
 def new generation   total 12800K, used 1393K [0x0f200000, 0x0ffe0000, 0x14750000)
  eden space 11392K,   0% used [0x0f200000, 0x0f200000, 0x0fd20000)
  from space 1408K,  98% used [0x0fd20000, 0x0fe7c430, 0x0fe80000)
  to   space 1408K,   0% used [0x0fe80000, 0x0fe80000, 0x0ffe0000)
 tenured generation   total 28340K, used 25922K [0x14750000, 0x162fd000, 0x1f200000)
   the space 28340K,  91% used [0x14750000, 0x160a0b68, 0x160a0c00, 0x162fd000)
 Metaspace       used 28438K, capacity 29583K, committed 29696K, reserved 30080K
}

